<?xml version="1.0" encoding="UTF-8"?>
<!-- Generated by org.testng.reporters.JUnitXMLReporter -->
<testsuite ignored="0" hostname="EPINGUGW05C0" failures="0" tests="3" name="Data Test Test" time="0.05" errors="0" timestamp="2024-09-22T14:52:07 IST">
  <testcase classname="com.jenkins.featuretest.DataProviderTest" name="testData" time="0.006"/>
  <testcase classname="com.jenkins.featuretest.DataProviderTest" name="testData" time="0.0"/>
  <testcase classname="com.jenkins.featuretest.DataProviderTest" name="testData" time="0.0"/>
</testsuite> <!-- Data Test Test -->
