<?xml version="1.0" encoding="UTF-8"?>
<!-- Generated by org.testng.reporters.JUnitXMLReporter -->
<testsuite ignored="0" hostname="EPINGUGW05C0" failures="0" tests="3" name="Default test" time="0.089" errors="0" timestamp="2024-09-20T14:10:07 IST">
  <testcase classname="com.epam.featuretest.DataProviderTest" name="testData" time="0.013"/>
  <testcase classname="com.epam.featuretest.DataProviderTest" name="testData" time="0.004"/>
  <testcase classname="com.epam.featuretest.DataProviderTest" name="testData" time="0.002"/>
</testsuite> <!-- Default test -->
