<?xml version="1.0" encoding="UTF-8"?>
<testng-results ignored="0" total="4" passed="4" failed="0" skipped="0">
  <reporter-output>
  </reporter-output>
  <suite started-at="2024-09-22T14:24:55 IST" name="Login Suite" finished-at="2024-09-22T14:25:08 IST" duration-ms="12937">
    <groups>
    </groups>
    <test started-at="2024-09-22T14:24:55 IST" name="Login Test" finished-at="2024-09-22T14:25:08 IST" duration-ms="12937">
      <class name="com.jenkins.featuretest.LoginTest">
        <test-method is-config="true" signature="setUpDriver(java.lang.String)[pri:0, instance:com.jenkins.featuretest.LoginTest@5656be13]" started-at="2024-09-22T14:24:55 IST" name="setUpDriver" finished-at="2024-09-22T14:25:08 IST" duration-ms="12722" status="PASS">
          <params>
            <param index="0">
              <value>
                <![CDATA[chrome]]>
              </value>
            </param>
          </params>
          <reporter-output>
          </reporter-output>
        </test-method> <!-- setUpDriver -->
        <test-method is-config="true" signature="setUpAfterMethod()[pri:0, instance:com.jenkins.featuretest.LoginTest@5656be13]" started-at="2024-09-22T14:25:08 IST" name="setUpAfterMethod" finished-at="2024-09-22T14:25:08 IST" duration-ms="2" status="PASS">
          <reporter-output>
          </reporter-output>
        </test-method> <!-- setUpAfterMethod -->
        <test-method is-config="true" signature="setUpBeforeMethod()[pri:0, instance:com.jenkins.featuretest.LoginTest@5656be13]" started-at="2024-09-22T14:25:08 IST" name="setUpBeforeMethod" finished-at="2024-09-22T14:25:08 IST" duration-ms="1" status="PASS">
          <reporter-output>
          </reporter-output>
        </test-method> <!-- setUpBeforeMethod -->
        <test-method signature="isHomePageDisplayed()[pri:0, instance:com.jenkins.featuretest.LoginTest@5656be13]" started-at="2024-09-22T14:25:08 IST" name="isHomePageDisplayed" finished-at="2024-09-22T14:25:08 IST" duration-ms="21" status="PASS">
          <reporter-output>
          </reporter-output>
        </test-method> <!-- isHomePageDisplayed -->
        <test-method is-config="true" signature="tearDown()[pri:0, instance:com.jenkins.featuretest.LoginTest@5656be13]" started-at="2024-09-22T14:25:08 IST" name="tearDown" finished-at="2024-09-22T14:25:08 IST" duration-ms="186" status="PASS">
          <reporter-output>
          </reporter-output>
        </test-method> <!-- tearDown -->
      </class> <!-- com.jenkins.featuretest.LoginTest -->
    </test> <!-- Login Test -->
  </suite> <!-- Login Suite -->
  <suite started-at="2024-09-22T14:24:55 IST" name="Data Test Suite" finished-at="2024-09-22T14:24:55 IST" duration-ms="190">
    <groups>
    </groups>
    <test started-at="2024-09-22T14:24:55 IST" name="Data Test Test" finished-at="2024-09-22T14:24:55 IST" duration-ms="190">
      <class name="com.jenkins.featuretest.DataProviderTest">
        <test-method signature="testData(java.lang.String,java.lang.String)[pri:0, instance:com.jenkins.featuretest.DataProviderTest@3ce1e309]" started-at="2024-09-22T14:24:55 IST" name="testData" data-provider="getStringData" finished-at="2024-09-22T14:24:55 IST" duration-ms="7" status="PASS">
          <params>
            <param index="0">
              <value>
                <![CDATA[Name]]>
              </value>
            </param>
            <param index="1">
              <value>
                <![CDATA[Vansh]]>
              </value>
            </param>
          </params>
          <reporter-output>
          </reporter-output>
        </test-method> <!-- testData -->
        <test-method signature="testData(java.lang.String,java.lang.String)[pri:0, instance:com.jenkins.featuretest.DataProviderTest@3ce1e309]" started-at="2024-09-22T14:24:55 IST" name="testData" data-provider="getStringData" finished-at="2024-09-22T14:24:55 IST" duration-ms="1" status="PASS">
          <params>
            <param index="0">
              <value>
                <![CDATA[Design]]>
              </value>
            </param>
            <param index="1">
              <value>
                <![CDATA[Sr]]>
              </value>
            </param>
          </params>
          <reporter-output>
          </reporter-output>
        </test-method> <!-- testData -->
        <test-method signature="testData(java.lang.String,java.lang.String)[pri:0, instance:com.jenkins.featuretest.DataProviderTest@3ce1e309]" started-at="2024-09-22T14:24:55 IST" name="testData" data-provider="getStringData" finished-at="2024-09-22T14:24:55 IST" duration-ms="1" status="PASS">
          <params>
            <param index="0">
              <value>
                <![CDATA[Dept]]>
              </value>
            </param>
            <param index="1">
              <value>
                <![CDATA[Testing]]>
              </value>
            </param>
          </params>
          <reporter-output>
          </reporter-output>
        </test-method> <!-- testData -->
      </class> <!-- com.jenkins.featuretest.DataProviderTest -->
    </test> <!-- Data Test Test -->
  </suite> <!-- Data Test Suite -->
</testng-results>
