<?xml version="1.0" encoding="UTF-8"?>
<testng-results ignored="0" total="3" passed="3" failed="0" skipped="0">
  <reporter-output>
  </reporter-output>
  <suite started-at="2024-09-20T14:10:07 IST" name="Default suite" finished-at="2024-09-20T14:10:07 IST" duration-ms="89">
    <groups>
    </groups>
    <test started-at="2024-09-20T14:10:07 IST" name="Default test" finished-at="2024-09-20T14:10:07 IST" duration-ms="89">
      <class name="com.epam.featuretest.DataProviderTest">
        <test-method signature="testData(java.lang.String,java.lang.String)[pri:0, instance:com.epam.featuretest.DataProviderTest@74235045]" started-at="2024-09-20T14:10:07 IST" name="testData" data-provider="getStringData" finished-at="2024-09-20T14:10:07 IST" duration-ms="13" status="PASS">
          <params>
            <param index="0">
              <value>
                <![CDATA[Name]]>
              </value>
            </param>
            <param index="1">
              <value>
                <![CDATA[Vansh]]>
              </value>
            </param>
          </params>
          <reporter-output>
          </reporter-output>
        </test-method> <!-- testData -->
        <test-method signature="testData(java.lang.String,java.lang.String)[pri:0, instance:com.epam.featuretest.DataProviderTest@74235045]" started-at="2024-09-20T14:10:07 IST" name="testData" data-provider="getStringData" finished-at="2024-09-20T14:10:07 IST" duration-ms="4" status="PASS">
          <params>
            <param index="0">
              <value>
                <![CDATA[Design]]>
              </value>
            </param>
            <param index="1">
              <value>
                <![CDATA[Sr]]>
              </value>
            </param>
          </params>
          <reporter-output>
          </reporter-output>
        </test-method> <!-- testData -->
        <test-method signature="testData(java.lang.String,java.lang.String)[pri:0, instance:com.epam.featuretest.DataProviderTest@74235045]" started-at="2024-09-20T14:10:07 IST" name="testData" data-provider="getStringData" finished-at="2024-09-20T14:10:07 IST" duration-ms="2" status="PASS">
          <params>
            <param index="0">
              <value>
                <![CDATA[Dept]]>
              </value>
            </param>
            <param index="1">
              <value>
                <![CDATA[Testing]]>
              </value>
            </param>
          </params>
          <reporter-output>
          </reporter-output>
        </test-method> <!-- testData -->
      </class> <!-- com.epam.featuretest.DataProviderTest -->
    </test> <!-- Default test -->
  </suite> <!-- Default suite -->
</testng-results>
